
  __    _   ___  
 / /\  | | | |_) 
/_/--\ |_| |_| \_ v1.63.1, built with Go go1.25.4

watching .
watching bin
watching cmd
watching cmd/api
watching cmd/auth-server
watching internal
watching internal/application
watching internal/application/dto
watching internal/application/mapper
watching internal/application/usecase
watching internal/application/usecase/auth
watching internal/application/usecase/financial
watching internal/application/usecase/metas
watching internal/application/usecase/pricing
watching internal/application/usecase/stock
watching internal/application/usecase/user
watching internal/domain
watching internal/domain/entity
watching internal/domain/port
watching internal/domain/valueobject
watching internal/infra
watching internal/infra/auth
watching internal/infra/db
watching internal/infra/db/queries
watching internal/infra/db/schema
watching internal/infra/db/schema/migrations
watching internal/infra/db/sqlc
watching internal/infra/http
watching internal/infra/http/handler
watching internal/infra/http/middleware
watching internal/infra/metrics
watching internal/infra/repository
watching internal/infra/repository/postgres
watching internal/infra/scheduler
watching migrations
!exclude tmp
building...
running...
{"level":"fatal","ts":1764088456.30466,"caller":"api/main.go:45","msg":"DATABASE_URL não configurada","stacktrace":"main.main\n\t/home/andrey/Projetos/barber-analytics-proV2/backend/cmd/api/main.go:45\nruntime.main\n\t/usr/local/go/src/runtime/proc.go:283"}
Process Exit with Code: 1
